<?xml version="1.0" encoding="UTF-8"?>
<!-- Generated by org.testng.reporters.JUnitReportReporter -->
<testsuite hostname="Sumon" failures="0" tests="1" name="com.facebook.loginTests.LoginTest" time="1.799" errors="0" timestamp="2023-10-30T11:30:28 EDT" skipped="0">
  <testcase classname="com.facebook.loginTests.LoginTest" name="loginTest" time="1.799"/>
  <system-out/>
</testsuite> <!-- com.facebook.loginTests.LoginTest -->
