<?xml version="1.0" encoding="UTF-8"?>
<!-- Generated by org.testng.reporters.JUnitReportReporter -->
<testsuite hostname="DESKTOP-HQT2HP1" failures="0" tests="3" name="com.facebook.loginTests.LoginFunctionalTest" time="4.102" errors="0" timestamp="2023-10-07T13:34:44 EDT" skipped="0">
  <testcase classname="com.facebook.loginTests.LoginFunctionalTest" name="userNameTest" time="1.777"/>
  <system-out/>
  <testcase classname="com.facebook.loginTests.LoginFunctionalTest" name="passwoedTest" time="1.163"/>
  <system-out/>
  <testcase classname="com.facebook.loginTests.LoginFunctionalTest" name="loginButtonTest" time="1.162"/>
  <system-out/>
</testsuite> <!-- com.facebook.loginTests.LoginFunctionalTest -->
